<?xml version="1.0" encoding="utf-8"?>
<test-run id="2" name="Open-Lab-05.03.dll" fullname="C:/Users/onkom/Source/Repos/Open-Lab-05.03/Open-Lab-05.03/bin/Debug/netcoreapp3.0/Open-Lab-05.03.dll" testcasecount="100" result="Passed" start-time="2021-12-27 21:51:11Z" end-time="2021-12-27 21:51:12Z" duration="0.132225" total="100" passed="100" failed="0" inconclusive="0" skipped="0" asserts="100" random-seed="1739581253">
  <command-line><![CDATA[C:\Users\onkom\Source\Repos\Open-Lab-05.03\Open-Lab-05.03\bin\Debug\netcoreapp3.0\Open-Lab-05.03.dll]]></command-line>
  <filter />
  <test-suite type="Assembly" id="1102" name="Open-Lab-05.03.dll" fullname="C:/Users/onkom/Source/Repos/Open-Lab-05.03/Open-Lab-05.03/bin/Debug/netcoreapp3.0/Open-Lab-05.03.dll" runstate="Runnable" testcasecount="100" result="Passed" start-time="2021-12-27 21:51:11Z" end-time="2021-12-27 21:51:12Z" duration="0.132225" total="100" passed="100" failed="0" warnings="0" inconclusive="0" skipped="0" asserts="100">
    <environment framework-version="3.12.0.0" clr-version="3.1.19" os-version="Microsoft Windows 10.0.19042" platform="Win32NT" cwd="C:\Users\onkom\Source\Repos\Open-Lab-05.03\Open-Lab-05.03\bin\Debug\netcoreapp3.0" machine-name="DESKTOP-7OQAPDJ" user="onkom" user-domain="DESKTOP-7OQAPDJ" culture="en-US" uiculture="en-US" os-architecture="x64" />
    <settings>
      <setting name="WorkDirectory" value="C:\Users\onkom\Source\Repos\Open-Lab-05.03\Open-Lab-05.03\bin\Debug\netcoreapp3.0" />
      <setting name="NumberOfTestWorkers" value="4" />
    </settings>
    <properties>
      <property name="_PID" value="18896" />
      <property name="_APPDOMAIN" value="Open-Lab-05.03" />
    </properties>
    <test-suite type="TestSuite" id="1103" name="Open_Lab_05" fullname="Open_Lab_05" runstate="Runnable" testcasecount="100" result="Passed" start-time="2021-12-27 21:51:12Z" end-time="2021-12-27 21:51:12Z" duration="0.106217" total="100" passed="100" failed="0" warnings="0" inconclusive="0" skipped="0" asserts="100">
      <test-suite type="TestSuite" id="1104" name="_03" fullname="Open_Lab_05._03" runstate="Runnable" testcasecount="100" result="Passed" start-time="2021-12-27 21:51:12Z" end-time="2021-12-27 21:51:12Z" duration="0.105381" total="100" passed="100" failed="0" warnings="0" inconclusive="0" skipped="0" asserts="100">
        <test-suite type="TestFixture" id="1000" name="Tests" fullname="Open_Lab_05._03.Tests" classname="Open_Lab_05._03.Tests" runstate="Runnable" testcasecount="100" result="Passed" start-time="2021-12-27 21:51:12Z" end-time="2021-12-27 21:51:12Z" duration="0.098651" total="100" passed="100" failed="0" warnings="0" inconclusive="0" skipped="0" asserts="100">
          <test-suite type="ParameterizedMethod" id="1101" name="FormatNumTest" fullname="Open_Lab_05._03.Tests.FormatNumTest" classname="Open_Lab_05._03.Tests" runstate="Runnable" testcasecount="100" result="Passed" start-time="2021-12-27 21:51:12Z" end-time="2021-12-27 21:51:12Z" duration="0.083983" total="100" passed="100" failed="0" warnings="0" inconclusive="0" skipped="0" asserts="100">
            <test-case id="1001" name="FormatNumTest(1000,&quot;1,000&quot;)" fullname="Open_Lab_05._03.Tests.FormatNumTest(1000,&quot;1,000&quot;)" methodname="FormatNumTest" classname="Open_Lab_05._03.Tests" runstate="Runnable" seed="2040247245" result="Passed" start-time="2021-12-27 21:51:12Z" end-time="2021-12-27 21:51:12Z" duration="0.041072" asserts="1" />
            <test-case id="1002" name="FormatNumTest(100000,&quot;100,000&quot;)" fullname="Open_Lab_05._03.Tests.FormatNumTest(100000,&quot;100,000&quot;)" methodname="FormatNumTest" classname="Open_Lab_05._03.Tests" runstate="Runnable" seed="1889973685" result="Passed" start-time="2021-12-27 21:51:12Z" end-time="2021-12-27 21:51:12Z" duration="0.000359" asserts="1" />
            <test-case id="1003" name="FormatNumTest(20,&quot;20&quot;)" fullname="Open_Lab_05._03.Tests.FormatNumTest(20,&quot;20&quot;)" methodname="FormatNumTest" classname="Open_Lab_05._03.Tests" runstate="Runnable" seed="481711498" result="Passed" start-time="2021-12-27 21:51:12Z" end-time="2021-12-27 21:51:12Z" duration="0.000756" asserts="1" />
            <test-case id="1004" name="FormatNumTest(1022948031,&quot;1,022,948,031&quot;)" fullname="Open_Lab_05._03.Tests.FormatNumTest(1022948031,&quot;1,022,948,031&quot;)" methodname="FormatNumTest" classname="Open_Lab_05._03.Tests" runstate="Runnable" seed="1543597158" result="Passed" start-time="2021-12-27 21:51:12Z" end-time="2021-12-27 21:51:12Z" duration="0.000225" asserts="1" />
            <test-case id="1005" name="FormatNumTest(1330017999,&quot;1,330,017,999&quot;)" fullname="Open_Lab_05._03.Tests.FormatNumTest(1330017999,&quot;1,330,017,999&quot;)" methodname="FormatNumTest" classname="Open_Lab_05._03.Tests" runstate="Runnable" seed="1968911393" result="Passed" start-time="2021-12-27 21:51:12Z" end-time="2021-12-27 21:51:12Z" duration="0.000158" asserts="1" />
            <test-case id="1006" name="FormatNumTest(1134764909,&quot;1,134,764,909&quot;)" fullname="Open_Lab_05._03.Tests.FormatNumTest(1134764909,&quot;1,134,764,909&quot;)" methodname="FormatNumTest" classname="Open_Lab_05._03.Tests" runstate="Runnable" seed="881121708" result="Passed" start-time="2021-12-27 21:51:12Z" end-time="2021-12-27 21:51:12Z" duration="0.000264" asserts="1" />
            <test-case id="1007" name="FormatNumTest(1714805979,&quot;1,714,805,979&quot;)" fullname="Open_Lab_05._03.Tests.FormatNumTest(1714805979,&quot;1,714,805,979&quot;)" methodname="FormatNumTest" classname="Open_Lab_05._03.Tests" runstate="Runnable" seed="1994420388" result="Passed" start-time="2021-12-27 21:51:12Z" end-time="2021-12-27 21:51:12Z" duration="0.000178" asserts="1" />
            <test-case id="1008" name="FormatNumTest(1572995861,&quot;1,572,995,861&quot;)" fullname="Open_Lab_05._03.Tests.FormatNumTest(1572995861,&quot;1,572,995,861&quot;)" methodname="FormatNumTest" classname="Open_Lab_05._03.Tests" runstate="Runnable" seed="1744375612" result="Passed" start-time="2021-12-27 21:51:12Z" end-time="2021-12-27 21:51:12Z" duration="0.000170" asserts="1" />
            <test-case id="1009" name="FormatNumTest(1047067475,&quot;1,047,067,475&quot;)" fullname="Open_Lab_05._03.Tests.FormatNumTest(1047067475,&quot;1,047,067,475&quot;)" methodname="FormatNumTest" classname="Open_Lab_05._03.Tests" runstate="Runnable" seed="121400428" result="Passed" start-time="2021-12-27 21:51:12Z" end-time="2021-12-27 21:51:12Z" duration="0.000165" asserts="1" />
            <test-case id="1010" name="FormatNumTest(1469777402,&quot;1,469,777,402&quot;)" fullname="Open_Lab_05._03.Tests.FormatNumTest(1469777402,&quot;1,469,777,402&quot;)" methodname="FormatNumTest" classname="Open_Lab_05._03.Tests" runstate="Runnable" seed="215900965" result="Passed" start-time="2021-12-27 21:51:12Z" end-time="2021-12-27 21:51:12Z" duration="0.000117" asserts="1" />
            <test-case id="1011" name="FormatNumTest(1417237867,&quot;1,417,237,867&quot;)" fullname="Open_Lab_05._03.Tests.FormatNumTest(1417237867,&quot;1,417,237,867&quot;)" methodname="FormatNumTest" classname="Open_Lab_05._03.Tests" runstate="Runnable" seed="762919737" result="Passed" start-time="2021-12-27 21:51:12Z" end-time="2021-12-27 21:51:12Z" duration="0.000101" asserts="1" />
            <test-case id="1012" name="FormatNumTest(33570311,&quot;33,570,311&quot;)" fullname="Open_Lab_05._03.Tests.FormatNumTest(33570311,&quot;33,570,311&quot;)" methodname="FormatNumTest" classname="Open_Lab_05._03.Tests" runstate="Runnable" seed="1857146838" result="Passed" start-time="2021-12-27 21:51:12Z" end-time="2021-12-27 21:51:12Z" duration="0.000202" asserts="1" />
            <test-case id="1013" name="FormatNumTest(1442389260,&quot;1,442,389,260&quot;)" fullname="Open_Lab_05._03.Tests.FormatNumTest(1442389260,&quot;1,442,389,260&quot;)" methodname="FormatNumTest" classname="Open_Lab_05._03.Tests" runstate="Runnable" seed="451014970" result="Passed" start-time="2021-12-27 21:51:12Z" end-time="2021-12-27 21:51:12Z" duration="0.000337" asserts="1" />
            <test-case id="1014" name="FormatNumTest(1884373309,&quot;1,884,373,309&quot;)" fullname="Open_Lab_05._03.Tests.FormatNumTest(1884373309,&quot;1,884,373,309&quot;)" methodname="FormatNumTest" classname="Open_Lab_05._03.Tests" runstate="Runnable" seed="233291791" result="Passed" start-time="2021-12-27 21:51:12Z" end-time="2021-12-27 21:51:12Z" duration="0.000213" asserts="1" />
            <test-case id="1015" name="FormatNumTest(983494863,&quot;983,494,863&quot;)" fullname="Open_Lab_05._03.Tests.FormatNumTest(983494863,&quot;983,494,863&quot;)" methodname="FormatNumTest" classname="Open_Lab_05._03.Tests" runstate="Runnable" seed="2036870665" result="Passed" start-time="2021-12-27 21:51:12Z" end-time="2021-12-27 21:51:12Z" duration="0.000140" asserts="1" />
            <test-case id="1016" name="FormatNumTest(1946232882,&quot;1,946,232,882&quot;)" fullname="Open_Lab_05._03.Tests.FormatNumTest(1946232882,&quot;1,946,232,882&quot;)" methodname="FormatNumTest" classname="Open_Lab_05._03.Tests" runstate="Runnable" seed="1638648324" result="Passed" start-time="2021-12-27 21:51:12Z" end-time="2021-12-27 21:51:12Z" duration="0.000076" asserts="1" />
            <test-case id="1017" name="FormatNumTest(2138452180,&quot;2,138,452,180&quot;)" fullname="Open_Lab_05._03.Tests.FormatNumTest(2138452180,&quot;2,138,452,180&quot;)" methodname="FormatNumTest" classname="Open_Lab_05._03.Tests" runstate="Runnable" seed="402988502" result="Passed" start-time="2021-12-27 21:51:12Z" end-time="2021-12-27 21:51:12Z" duration="0.000086" asserts="1" />
            <test-case id="1018" name="FormatNumTest(805467971,&quot;805,467,971&quot;)" fullname="Open_Lab_05._03.Tests.FormatNumTest(805467971,&quot;805,467,971&quot;)" methodname="FormatNumTest" classname="Open_Lab_05._03.Tests" runstate="Runnable" seed="851212829" result="Passed" start-time="2021-12-27 21:51:12Z" end-time="2021-12-27 21:51:12Z" duration="0.000084" asserts="1" />
            <test-case id="1019" name="FormatNumTest(23249879,&quot;23,249,879&quot;)" fullname="Open_Lab_05._03.Tests.FormatNumTest(23249879,&quot;23,249,879&quot;)" methodname="FormatNumTest" classname="Open_Lab_05._03.Tests" runstate="Runnable" seed="1715146239" result="Passed" start-time="2021-12-27 21:51:12Z" end-time="2021-12-27 21:51:12Z" duration="0.000227" asserts="1" />
            <test-case id="1020" name="FormatNumTest(423359535,&quot;423,359,535&quot;)" fullname="Open_Lab_05._03.Tests.FormatNumTest(423359535,&quot;423,359,535&quot;)" methodname="FormatNumTest" classname="Open_Lab_05._03.Tests" runstate="Runnable" seed="566317795" result="Passed" start-time="2021-12-27 21:51:12Z" end-time="2021-12-27 21:51:12Z" duration="0.000134" asserts="1" />
            <test-case id="1021" name="FormatNumTest(53264230,&quot;53,264,230&quot;)" fullname="Open_Lab_05._03.Tests.FormatNumTest(53264230,&quot;53,264,230&quot;)" methodname="FormatNumTest" classname="Open_Lab_05._03.Tests" runstate="Runnable" seed="1152447397" result="Passed" start-time="2021-12-27 21:51:12Z" end-time="2021-12-27 21:51:12Z" duration="0.000089" asserts="1" />
            <test-case id="1022" name="FormatNumTest(66339435,&quot;66,339,435&quot;)" fullname="Open_Lab_05._03.Tests.FormatNumTest(66339435,&quot;66,339,435&quot;)" methodname="FormatNumTest" classname="Open_Lab_05._03.Tests" runstate="Runnable" seed="1813913056" result="Passed" start-time="2021-12-27 21:51:12Z" end-time="2021-12-27 21:51:12Z" duration="0.000094" asserts="1" />
            <test-case id="1023" name="FormatNumTest(2111920632,&quot;2,111,920,632&quot;)" fullname="Open_Lab_05._03.Tests.FormatNumTest(2111920632,&quot;2,111,920,632&quot;)" methodname="FormatNumTest" classname="Open_Lab_05._03.Tests" runstate="Runnable" seed="1876778196" result="Passed" start-time="2021-12-27 21:51:12Z" end-time="2021-12-27 21:51:12Z" duration="0.000097" asserts="1" />
            <test-case id="1024" name="FormatNumTest(552374345,&quot;552,374,345&quot;)" fullname="Open_Lab_05._03.Tests.FormatNumTest(552374345,&quot;552,374,345&quot;)" methodname="FormatNumTest" classname="Open_Lab_05._03.Tests" runstate="Runnable" seed="1791190488" result="Passed" start-time="2021-12-27 21:51:12Z" end-time="2021-12-27 21:51:12Z" duration="0.000096" asserts="1" />
            <test-case id="1025" name="FormatNumTest(1029694085,&quot;1,029,694,085&quot;)" fullname="Open_Lab_05._03.Tests.FormatNumTest(1029694085,&quot;1,029,694,085&quot;)" methodname="FormatNumTest" classname="Open_Lab_05._03.Tests" runstate="Runnable" seed="1604754474" result="Passed" start-time="2021-12-27 21:51:12Z" end-time="2021-12-27 21:51:12Z" duration="0.000114" asserts="1" />
            <test-case id="1026" name="FormatNumTest(1568875284,&quot;1,568,875,284&quot;)" fullname="Open_Lab_05._03.Tests.FormatNumTest(1568875284,&quot;1,568,875,284&quot;)" methodname="FormatNumTest" classname="Open_Lab_05._03.Tests" runstate="Runnable" seed="2091024829" result="Passed" start-time="2021-12-27 21:51:12Z" end-time="2021-12-27 21:51:12Z" duration="0.000092" asserts="1" />
            <test-case id="1027" name="FormatNumTest(68756791,&quot;68,756,791&quot;)" fullname="Open_Lab_05._03.Tests.FormatNumTest(68756791,&quot;68,756,791&quot;)" methodname="FormatNumTest" classname="Open_Lab_05._03.Tests" runstate="Runnable" seed="896912327" result="Passed" start-time="2021-12-27 21:51:12Z" end-time="2021-12-27 21:51:12Z" duration="0.000119" asserts="1" />
            <test-case id="1028" name="FormatNumTest(1607581125,&quot;1,607,581,125&quot;)" fullname="Open_Lab_05._03.Tests.FormatNumTest(1607581125,&quot;1,607,581,125&quot;)" methodname="FormatNumTest" classname="Open_Lab_05._03.Tests" runstate="Runnable" seed="1018170349" result="Passed" start-time="2021-12-27 21:51:12Z" end-time="2021-12-27 21:51:12Z" duration="0.000117" asserts="1" />
            <test-case id="1029" name="FormatNumTest(783984428,&quot;783,984,428&quot;)" fullname="Open_Lab_05._03.Tests.FormatNumTest(783984428,&quot;783,984,428&quot;)" methodname="FormatNumTest" classname="Open_Lab_05._03.Tests" runstate="Runnable" seed="490524544" result="Passed" start-time="2021-12-27 21:51:12Z" end-time="2021-12-27 21:51:12Z" duration="0.000117" asserts="1" />
            <test-case id="1030" name="FormatNumTest(2058038259,&quot;2,058,038,259&quot;)" fullname="Open_Lab_05._03.Tests.FormatNumTest(2058038259,&quot;2,058,038,259&quot;)" methodname="FormatNumTest" classname="Open_Lab_05._03.Tests" runstate="Runnable" seed="1479993128" result="Passed" start-time="2021-12-27 21:51:12Z" end-time="2021-12-27 21:51:12Z" duration="0.000125" asserts="1" />
            <test-case id="1031" name="FormatNumTest(1893355329,&quot;1,893,355,329&quot;)" fullname="Open_Lab_05._03.Tests.FormatNumTest(1893355329,&quot;1,893,355,329&quot;)" methodname="FormatNumTest" classname="Open_Lab_05._03.Tests" runstate="Runnable" seed="694361238" result="Passed" start-time="2021-12-27 21:51:12Z" end-time="2021-12-27 21:51:12Z" duration="0.000097" asserts="1" />
            <test-case id="1032" name="FormatNumTest(1303960362,&quot;1,303,960,362&quot;)" fullname="Open_Lab_05._03.Tests.FormatNumTest(1303960362,&quot;1,303,960,362&quot;)" methodname="FormatNumTest" classname="Open_Lab_05._03.Tests" runstate="Runnable" seed="2070485129" result="Passed" start-time="2021-12-27 21:51:12Z" end-time="2021-12-27 21:51:12Z" duration="0.000104" asserts="1" />
            <test-case id="1033" name="FormatNumTest(380585819,&quot;380,585,819&quot;)" fullname="Open_Lab_05._03.Tests.FormatNumTest(380585819,&quot;380,585,819&quot;)" methodname="FormatNumTest" classname="Open_Lab_05._03.Tests" runstate="Runnable" seed="62539052" result="Passed" start-time="2021-12-27 21:51:12Z" end-time="2021-12-27 21:51:12Z" duration="0.000124" asserts="1" />
            <test-case id="1034" name="FormatNumTest(709849910,&quot;709,849,910&quot;)" fullname="Open_Lab_05._03.Tests.FormatNumTest(709849910,&quot;709,849,910&quot;)" methodname="FormatNumTest" classname="Open_Lab_05._03.Tests" runstate="Runnable" seed="591746008" result="Passed" start-time="2021-12-27 21:51:12Z" end-time="2021-12-27 21:51:12Z" duration="0.000153" asserts="1" />
            <test-case id="1035" name="FormatNumTest(219645820,&quot;219,645,820&quot;)" fullname="Open_Lab_05._03.Tests.FormatNumTest(219645820,&quot;219,645,820&quot;)" methodname="FormatNumTest" classname="Open_Lab_05._03.Tests" runstate="Runnable" seed="1844618303" result="Passed" start-time="2021-12-27 21:51:12Z" end-time="2021-12-27 21:51:12Z" duration="0.000118" asserts="1" />
            <test-case id="1036" name="FormatNumTest(87500226,&quot;87,500,226&quot;)" fullname="Open_Lab_05._03.Tests.FormatNumTest(87500226,&quot;87,500,226&quot;)" methodname="FormatNumTest" classname="Open_Lab_05._03.Tests" runstate="Runnable" seed="1967770920" result="Passed" start-time="2021-12-27 21:51:12Z" end-time="2021-12-27 21:51:12Z" duration="0.000114" asserts="1" />
            <test-case id="1037" name="FormatNumTest(1602859753,&quot;1,602,859,753&quot;)" fullname="Open_Lab_05._03.Tests.FormatNumTest(1602859753,&quot;1,602,859,753&quot;)" methodname="FormatNumTest" classname="Open_Lab_05._03.Tests" runstate="Runnable" seed="1908227035" result="Passed" start-time="2021-12-27 21:51:12Z" end-time="2021-12-27 21:51:12Z" duration="0.000090" asserts="1" />
            <test-case id="1038" name="FormatNumTest(1682021445,&quot;1,682,021,445&quot;)" fullname="Open_Lab_05._03.Tests.FormatNumTest(1682021445,&quot;1,682,021,445&quot;)" methodname="FormatNumTest" classname="Open_Lab_05._03.Tests" runstate="Runnable" seed="505277086" result="Passed" start-time="2021-12-27 21:51:12Z" end-time="2021-12-27 21:51:12Z" duration="0.000103" asserts="1" />
            <test-case id="1039" name="FormatNumTest(2035287454,&quot;2,035,287,454&quot;)" fullname="Open_Lab_05._03.Tests.FormatNumTest(2035287454,&quot;2,035,287,454&quot;)" methodname="FormatNumTest" classname="Open_Lab_05._03.Tests" runstate="Runnable" seed="1663210483" result="Passed" start-time="2021-12-27 21:51:12Z" end-time="2021-12-27 21:51:12Z" duration="0.000110" asserts="1" />
            <test-case id="1040" name="FormatNumTest(845466795,&quot;845,466,795&quot;)" fullname="Open_Lab_05._03.Tests.FormatNumTest(845466795,&quot;845,466,795&quot;)" methodname="FormatNumTest" classname="Open_Lab_05._03.Tests" runstate="Runnable" seed="1942648529" result="Passed" start-time="2021-12-27 21:51:12Z" end-time="2021-12-27 21:51:12Z" duration="0.000150" asserts="1" />
            <test-case id="1041" name="FormatNumTest(1094755975,&quot;1,094,755,975&quot;)" fullname="Open_Lab_05._03.Tests.FormatNumTest(1094755975,&quot;1,094,755,975&quot;)" methodname="FormatNumTest" classname="Open_Lab_05._03.Tests" runstate="Runnable" seed="2119411613" result="Passed" start-time="2021-12-27 21:51:12Z" end-time="2021-12-27 21:51:12Z" duration="0.000104" asserts="1" />
            <test-case id="1042" name="FormatNumTest(854263930,&quot;854,263,930&quot;)" fullname="Open_Lab_05._03.Tests.FormatNumTest(854263930,&quot;854,263,930&quot;)" methodname="FormatNumTest" classname="Open_Lab_05._03.Tests" runstate="Runnable" seed="868052896" result="Passed" start-time="2021-12-27 21:51:12Z" end-time="2021-12-27 21:51:12Z" duration="0.000088" asserts="1" />
            <test-case id="1043" name="FormatNumTest(95460309,&quot;95,460,309&quot;)" fullname="Open_Lab_05._03.Tests.FormatNumTest(95460309,&quot;95,460,309&quot;)" methodname="FormatNumTest" classname="Open_Lab_05._03.Tests" runstate="Runnable" seed="1015857076" result="Passed" start-time="2021-12-27 21:51:12Z" end-time="2021-12-27 21:51:12Z" duration="0.000077" asserts="1" />
            <test-case id="1044" name="FormatNumTest(737151785,&quot;737,151,785&quot;)" fullname="Open_Lab_05._03.Tests.FormatNumTest(737151785,&quot;737,151,785&quot;)" methodname="FormatNumTest" classname="Open_Lab_05._03.Tests" runstate="Runnable" seed="626570742" result="Passed" start-time="2021-12-27 21:51:12Z" end-time="2021-12-27 21:51:12Z" duration="0.000090" asserts="1" />
            <test-case id="1045" name="FormatNumTest(356842134,&quot;356,842,134&quot;)" fullname="Open_Lab_05._03.Tests.FormatNumTest(356842134,&quot;356,842,134&quot;)" methodname="FormatNumTest" classname="Open_Lab_05._03.Tests" runstate="Runnable" seed="644317081" result="Passed" start-time="2021-12-27 21:51:12Z" end-time="2021-12-27 21:51:12Z" duration="0.000087" asserts="1" />
            <test-case id="1046" name="FormatNumTest(237722366,&quot;237,722,366&quot;)" fullname="Open_Lab_05._03.Tests.FormatNumTest(237722366,&quot;237,722,366&quot;)" methodname="FormatNumTest" classname="Open_Lab_05._03.Tests" runstate="Runnable" seed="1101310073" result="Passed" start-time="2021-12-27 21:51:12Z" end-time="2021-12-27 21:51:12Z" duration="0.000091" asserts="1" />
            <test-case id="1047" name="FormatNumTest(118665875,&quot;118,665,875&quot;)" fullname="Open_Lab_05._03.Tests.FormatNumTest(118665875,&quot;118,665,875&quot;)" methodname="FormatNumTest" classname="Open_Lab_05._03.Tests" runstate="Runnable" seed="1816671324" result="Passed" start-time="2021-12-27 21:51:12Z" end-time="2021-12-27 21:51:12Z" duration="0.000420" asserts="1" />
            <test-case id="1048" name="FormatNumTest(1148704120,&quot;1,148,704,120&quot;)" fullname="Open_Lab_05._03.Tests.FormatNumTest(1148704120,&quot;1,148,704,120&quot;)" methodname="FormatNumTest" classname="Open_Lab_05._03.Tests" runstate="Runnable" seed="1922627411" result="Passed" start-time="2021-12-27 21:51:12Z" end-time="2021-12-27 21:51:12Z" duration="0.000099" asserts="1" />
            <test-case id="1049" name="FormatNumTest(1245999131,&quot;1,245,999,131&quot;)" fullname="Open_Lab_05._03.Tests.FormatNumTest(1245999131,&quot;1,245,999,131&quot;)" methodname="FormatNumTest" classname="Open_Lab_05._03.Tests" runstate="Runnable" seed="763437130" result="Passed" start-time="2021-12-27 21:51:12Z" end-time="2021-12-27 21:51:12Z" duration="0.000079" asserts="1" />
            <test-case id="1050" name="FormatNumTest(14011373,&quot;14,011,373&quot;)" fullname="Open_Lab_05._03.Tests.FormatNumTest(14011373,&quot;14,011,373&quot;)" methodname="FormatNumTest" classname="Open_Lab_05._03.Tests" runstate="Runnable" seed="1084387870" result="Passed" start-time="2021-12-27 21:51:12Z" end-time="2021-12-27 21:51:12Z" duration="0.000278" asserts="1" />
            <test-case id="1051" name="FormatNumTest(838393703,&quot;838,393,703&quot;)" fullname="Open_Lab_05._03.Tests.FormatNumTest(838393703,&quot;838,393,703&quot;)" methodname="FormatNumTest" classname="Open_Lab_05._03.Tests" runstate="Runnable" seed="1882620454" result="Passed" start-time="2021-12-27 21:51:12Z" end-time="2021-12-27 21:51:12Z" duration="0.000128" asserts="1" />
            <test-case id="1052" name="FormatNumTest(2079686574,&quot;2,079,686,574&quot;)" fullname="Open_Lab_05._03.Tests.FormatNumTest(2079686574,&quot;2,079,686,574&quot;)" methodname="FormatNumTest" classname="Open_Lab_05._03.Tests" runstate="Runnable" seed="1762551839" result="Passed" start-time="2021-12-27 21:51:12Z" end-time="2021-12-27 21:51:12Z" duration="0.000107" asserts="1" />
            <test-case id="1053" name="FormatNumTest(1165443546,&quot;1,165,443,546&quot;)" fullname="Open_Lab_05._03.Tests.FormatNumTest(1165443546,&quot;1,165,443,546&quot;)" methodname="FormatNumTest" classname="Open_Lab_05._03.Tests" runstate="Runnable" seed="277750171" result="Passed" start-time="2021-12-27 21:51:12Z" end-time="2021-12-27 21:51:12Z" duration="0.000091" asserts="1" />
            <test-case id="1054" name="FormatNumTest(1062449986,&quot;1,062,449,986&quot;)" fullname="Open_Lab_05._03.Tests.FormatNumTest(1062449986,&quot;1,062,449,986&quot;)" methodname="FormatNumTest" classname="Open_Lab_05._03.Tests" runstate="Runnable" seed="2019295970" result="Passed" start-time="2021-12-27 21:51:12Z" end-time="2021-12-27 21:51:12Z" duration="0.000100" asserts="1" />
            <test-case id="1055" name="FormatNumTest(410218259,&quot;410,218,259&quot;)" fullname="Open_Lab_05._03.Tests.FormatNumTest(410218259,&quot;410,218,259&quot;)" methodname="FormatNumTest" classname="Open_Lab_05._03.Tests" runstate="Runnable" seed="1806512319" result="Passed" start-time="2021-12-27 21:51:12Z" end-time="2021-12-27 21:51:12Z" duration="0.000108" asserts="1" />
            <test-case id="1056" name="FormatNumTest(216756708,&quot;216,756,708&quot;)" fullname="Open_Lab_05._03.Tests.FormatNumTest(216756708,&quot;216,756,708&quot;)" methodname="FormatNumTest" classname="Open_Lab_05._03.Tests" runstate="Runnable" seed="169492434" result="Passed" start-time="2021-12-27 21:51:12Z" end-time="2021-12-27 21:51:12Z" duration="0.000109" asserts="1" />
            <test-case id="1057" name="FormatNumTest(733326591,&quot;733,326,591&quot;)" fullname="Open_Lab_05._03.Tests.FormatNumTest(733326591,&quot;733,326,591&quot;)" methodname="FormatNumTest" classname="Open_Lab_05._03.Tests" runstate="Runnable" seed="597017392" result="Passed" start-time="2021-12-27 21:51:12Z" end-time="2021-12-27 21:51:12Z" duration="0.000120" asserts="1" />
            <test-case id="1058" name="FormatNumTest(2007330307,&quot;2,007,330,307&quot;)" fullname="Open_Lab_05._03.Tests.FormatNumTest(2007330307,&quot;2,007,330,307&quot;)" methodname="FormatNumTest" classname="Open_Lab_05._03.Tests" runstate="Runnable" seed="1808092820" result="Passed" start-time="2021-12-27 21:51:12Z" end-time="2021-12-27 21:51:12Z" duration="0.000120" asserts="1" />
            <test-case id="1059" name="FormatNumTest(2140737593,&quot;2,140,737,593&quot;)" fullname="Open_Lab_05._03.Tests.FormatNumTest(2140737593,&quot;2,140,737,593&quot;)" methodname="FormatNumTest" classname="Open_Lab_05._03.Tests" runstate="Runnable" seed="2086326331" result="Passed" start-time="2021-12-27 21:51:12Z" end-time="2021-12-27 21:51:12Z" duration="0.000114" asserts="1" />
            <test-case id="1060" name="FormatNumTest(1908626362,&quot;1,908,626,362&quot;)" fullname="Open_Lab_05._03.Tests.FormatNumTest(1908626362,&quot;1,908,626,362&quot;)" methodname="FormatNumTest" classname="Open_Lab_05._03.Tests" runstate="Runnable" seed="2025370211" result="Passed" start-time="2021-12-27 21:51:12Z" end-time="2021-12-27 21:51:12Z" duration="0.000852" asserts="1" />
            <test-case id="1061" name="FormatNumTest(1066008118,&quot;1,066,008,118&quot;)" fullname="Open_Lab_05._03.Tests.FormatNumTest(1066008118,&quot;1,066,008,118&quot;)" methodname="FormatNumTest" classname="Open_Lab_05._03.Tests" runstate="Runnable" seed="2131693028" result="Passed" start-time="2021-12-27 21:51:12Z" end-time="2021-12-27 21:51:12Z" duration="0.000232" asserts="1" />
            <test-case id="1062" name="FormatNumTest(107224854,&quot;107,224,854&quot;)" fullname="Open_Lab_05._03.Tests.FormatNumTest(107224854,&quot;107,224,854&quot;)" methodname="FormatNumTest" classname="Open_Lab_05._03.Tests" runstate="Runnable" seed="976250039" result="Passed" start-time="2021-12-27 21:51:12Z" end-time="2021-12-27 21:51:12Z" duration="0.000101" asserts="1" />
            <test-case id="1063" name="FormatNumTest(789011433,&quot;789,011,433&quot;)" fullname="Open_Lab_05._03.Tests.FormatNumTest(789011433,&quot;789,011,433&quot;)" methodname="FormatNumTest" classname="Open_Lab_05._03.Tests" runstate="Runnable" seed="1253851068" result="Passed" start-time="2021-12-27 21:51:12Z" end-time="2021-12-27 21:51:12Z" duration="0.000089" asserts="1" />
            <test-case id="1064" name="FormatNumTest(1136512863,&quot;1,136,512,863&quot;)" fullname="Open_Lab_05._03.Tests.FormatNumTest(1136512863,&quot;1,136,512,863&quot;)" methodname="FormatNumTest" classname="Open_Lab_05._03.Tests" runstate="Runnable" seed="788890947" result="Passed" start-time="2021-12-27 21:51:12Z" end-time="2021-12-27 21:51:12Z" duration="0.000087" asserts="1" />
            <test-case id="1065" name="FormatNumTest(1723905720,&quot;1,723,905,720&quot;)" fullname="Open_Lab_05._03.Tests.FormatNumTest(1723905720,&quot;1,723,905,720&quot;)" methodname="FormatNumTest" classname="Open_Lab_05._03.Tests" runstate="Runnable" seed="1669023374" result="Passed" start-time="2021-12-27 21:51:12Z" end-time="2021-12-27 21:51:12Z" duration="0.000076" asserts="1" />
            <test-case id="1066" name="FormatNumTest(113277505,&quot;113,277,505&quot;)" fullname="Open_Lab_05._03.Tests.FormatNumTest(113277505,&quot;113,277,505&quot;)" methodname="FormatNumTest" classname="Open_Lab_05._03.Tests" runstate="Runnable" seed="839918255" result="Passed" start-time="2021-12-27 21:51:12Z" end-time="2021-12-27 21:51:12Z" duration="0.000095" asserts="1" />
            <test-case id="1067" name="FormatNumTest(1800468139,&quot;1,800,468,139&quot;)" fullname="Open_Lab_05._03.Tests.FormatNumTest(1800468139,&quot;1,800,468,139&quot;)" methodname="FormatNumTest" classname="Open_Lab_05._03.Tests" runstate="Runnable" seed="1794607786" result="Passed" start-time="2021-12-27 21:51:12Z" end-time="2021-12-27 21:51:12Z" duration="0.000096" asserts="1" />
            <test-case id="1068" name="FormatNumTest(732539350,&quot;732,539,350&quot;)" fullname="Open_Lab_05._03.Tests.FormatNumTest(732539350,&quot;732,539,350&quot;)" methodname="FormatNumTest" classname="Open_Lab_05._03.Tests" runstate="Runnable" seed="2006752609" result="Passed" start-time="2021-12-27 21:51:12Z" end-time="2021-12-27 21:51:12Z" duration="0.000086" asserts="1" />
            <test-case id="1069" name="FormatNumTest(1664727489,&quot;1,664,727,489&quot;)" fullname="Open_Lab_05._03.Tests.FormatNumTest(1664727489,&quot;1,664,727,489&quot;)" methodname="FormatNumTest" classname="Open_Lab_05._03.Tests" runstate="Runnable" seed="536157135" result="Passed" start-time="2021-12-27 21:51:12Z" end-time="2021-12-27 21:51:12Z" duration="0.000100" asserts="1" />
            <test-case id="1070" name="FormatNumTest(895994637,&quot;895,994,637&quot;)" fullname="Open_Lab_05._03.Tests.FormatNumTest(895994637,&quot;895,994,637&quot;)" methodname="FormatNumTest" classname="Open_Lab_05._03.Tests" runstate="Runnable" seed="69099745" result="Passed" start-time="2021-12-27 21:51:12Z" end-time="2021-12-27 21:51:12Z" duration="0.000074" asserts="1" />
            <test-case id="1071" name="FormatNumTest(343373129,&quot;343,373,129&quot;)" fullname="Open_Lab_05._03.Tests.FormatNumTest(343373129,&quot;343,373,129&quot;)" methodname="FormatNumTest" classname="Open_Lab_05._03.Tests" runstate="Runnable" seed="1877904936" result="Passed" start-time="2021-12-27 21:51:12Z" end-time="2021-12-27 21:51:12Z" duration="0.000075" asserts="1" />
            <test-case id="1072" name="FormatNumTest(456430735,&quot;456,430,735&quot;)" fullname="Open_Lab_05._03.Tests.FormatNumTest(456430735,&quot;456,430,735&quot;)" methodname="FormatNumTest" classname="Open_Lab_05._03.Tests" runstate="Runnable" seed="2045195063" result="Passed" start-time="2021-12-27 21:51:12Z" end-time="2021-12-27 21:51:12Z" duration="0.000086" asserts="1" />
            <test-case id="1073" name="FormatNumTest(917664164,&quot;917,664,164&quot;)" fullname="Open_Lab_05._03.Tests.FormatNumTest(917664164,&quot;917,664,164&quot;)" methodname="FormatNumTest" classname="Open_Lab_05._03.Tests" runstate="Runnable" seed="1335485993" result="Passed" start-time="2021-12-27 21:51:12Z" end-time="2021-12-27 21:51:12Z" duration="0.000086" asserts="1" />
            <test-case id="1074" name="FormatNumTest(1325266731,&quot;1,325,266,731&quot;)" fullname="Open_Lab_05._03.Tests.FormatNumTest(1325266731,&quot;1,325,266,731&quot;)" methodname="FormatNumTest" classname="Open_Lab_05._03.Tests" runstate="Runnable" seed="1919981357" result="Passed" start-time="2021-12-27 21:51:12Z" end-time="2021-12-27 21:51:12Z" duration="0.000084" asserts="1" />
            <test-case id="1075" name="FormatNumTest(1476087207,&quot;1,476,087,207&quot;)" fullname="Open_Lab_05._03.Tests.FormatNumTest(1476087207,&quot;1,476,087,207&quot;)" methodname="FormatNumTest" classname="Open_Lab_05._03.Tests" runstate="Runnable" seed="594389829" result="Passed" start-time="2021-12-27 21:51:12Z" end-time="2021-12-27 21:51:12Z" duration="0.000086" asserts="1" />
            <test-case id="1076" name="FormatNumTest(1346483947,&quot;1,346,483,947&quot;)" fullname="Open_Lab_05._03.Tests.FormatNumTest(1346483947,&quot;1,346,483,947&quot;)" methodname="FormatNumTest" classname="Open_Lab_05._03.Tests" runstate="Runnable" seed="284394501" result="Passed" start-time="2021-12-27 21:51:12Z" end-time="2021-12-27 21:51:12Z" duration="0.000072" asserts="1" />
            <test-case id="1077" name="FormatNumTest(2118362773,&quot;2,118,362,773&quot;)" fullname="Open_Lab_05._03.Tests.FormatNumTest(2118362773,&quot;2,118,362,773&quot;)" methodname="FormatNumTest" classname="Open_Lab_05._03.Tests" runstate="Runnable" seed="798055980" result="Passed" start-time="2021-12-27 21:51:12Z" end-time="2021-12-27 21:51:12Z" duration="0.000086" asserts="1" />
            <test-case id="1078" name="FormatNumTest(1374768847,&quot;1,374,768,847&quot;)" fullname="Open_Lab_05._03.Tests.FormatNumTest(1374768847,&quot;1,374,768,847&quot;)" methodname="FormatNumTest" classname="Open_Lab_05._03.Tests" runstate="Runnable" seed="1250207454" result="Passed" start-time="2021-12-27 21:51:12Z" end-time="2021-12-27 21:51:12Z" duration="0.000100" asserts="1" />
            <test-case id="1079" name="FormatNumTest(195532211,&quot;195,532,211&quot;)" fullname="Open_Lab_05._03.Tests.FormatNumTest(195532211,&quot;195,532,211&quot;)" methodname="FormatNumTest" classname="Open_Lab_05._03.Tests" runstate="Runnable" seed="1146873407" result="Passed" start-time="2021-12-27 21:51:12Z" end-time="2021-12-27 21:51:12Z" duration="0.000111" asserts="1" />
            <test-case id="1080" name="FormatNumTest(791971719,&quot;791,971,719&quot;)" fullname="Open_Lab_05._03.Tests.FormatNumTest(791971719,&quot;791,971,719&quot;)" methodname="FormatNumTest" classname="Open_Lab_05._03.Tests" runstate="Runnable" seed="503444401" result="Passed" start-time="2021-12-27 21:51:12Z" end-time="2021-12-27 21:51:12Z" duration="0.000106" asserts="1" />
            <test-case id="1081" name="FormatNumTest(1450209409,&quot;1,450,209,409&quot;)" fullname="Open_Lab_05._03.Tests.FormatNumTest(1450209409,&quot;1,450,209,409&quot;)" methodname="FormatNumTest" classname="Open_Lab_05._03.Tests" runstate="Runnable" seed="274353505" result="Passed" start-time="2021-12-27 21:51:12Z" end-time="2021-12-27 21:51:12Z" duration="0.000091" asserts="1" />
            <test-case id="1082" name="FormatNumTest(1067536318,&quot;1,067,536,318&quot;)" fullname="Open_Lab_05._03.Tests.FormatNumTest(1067536318,&quot;1,067,536,318&quot;)" methodname="FormatNumTest" classname="Open_Lab_05._03.Tests" runstate="Runnable" seed="1121768563" result="Passed" start-time="2021-12-27 21:51:12Z" end-time="2021-12-27 21:51:12Z" duration="0.000093" asserts="1" />
            <test-case id="1083" name="FormatNumTest(361581994,&quot;361,581,994&quot;)" fullname="Open_Lab_05._03.Tests.FormatNumTest(361581994,&quot;361,581,994&quot;)" methodname="FormatNumTest" classname="Open_Lab_05._03.Tests" runstate="Runnable" seed="254733219" result="Passed" start-time="2021-12-27 21:51:12Z" end-time="2021-12-27 21:51:12Z" duration="0.000112" asserts="1" />
            <test-case id="1084" name="FormatNumTest(769973055,&quot;769,973,055&quot;)" fullname="Open_Lab_05._03.Tests.FormatNumTest(769973055,&quot;769,973,055&quot;)" methodname="FormatNumTest" classname="Open_Lab_05._03.Tests" runstate="Runnable" seed="1553620321" result="Passed" start-time="2021-12-27 21:51:12Z" end-time="2021-12-27 21:51:12Z" duration="0.000129" asserts="1" />
            <test-case id="1085" name="FormatNumTest(1219644556,&quot;1,219,644,556&quot;)" fullname="Open_Lab_05._03.Tests.FormatNumTest(1219644556,&quot;1,219,644,556&quot;)" methodname="FormatNumTest" classname="Open_Lab_05._03.Tests" runstate="Runnable" seed="1744856321" result="Passed" start-time="2021-12-27 21:51:12Z" end-time="2021-12-27 21:51:12Z" duration="0.000142" asserts="1" />
            <test-case id="1086" name="FormatNumTest(1961152402,&quot;1,961,152,402&quot;)" fullname="Open_Lab_05._03.Tests.FormatNumTest(1961152402,&quot;1,961,152,402&quot;)" methodname="FormatNumTest" classname="Open_Lab_05._03.Tests" runstate="Runnable" seed="1079293046" result="Passed" start-time="2021-12-27 21:51:12Z" end-time="2021-12-27 21:51:12Z" duration="0.000185" asserts="1" />
            <test-case id="1087" name="FormatNumTest(138516816,&quot;138,516,816&quot;)" fullname="Open_Lab_05._03.Tests.FormatNumTest(138516816,&quot;138,516,816&quot;)" methodname="FormatNumTest" classname="Open_Lab_05._03.Tests" runstate="Runnable" seed="1792734958" result="Passed" start-time="2021-12-27 21:51:12Z" end-time="2021-12-27 21:51:12Z" duration="0.000893" asserts="1" />
            <test-case id="1088" name="FormatNumTest(1465619480,&quot;1,465,619,480&quot;)" fullname="Open_Lab_05._03.Tests.FormatNumTest(1465619480,&quot;1,465,619,480&quot;)" methodname="FormatNumTest" classname="Open_Lab_05._03.Tests" runstate="Runnable" seed="190726729" result="Passed" start-time="2021-12-27 21:51:12Z" end-time="2021-12-27 21:51:12Z" duration="0.000270" asserts="1" />
            <test-case id="1089" name="FormatNumTest(299631651,&quot;299,631,651&quot;)" fullname="Open_Lab_05._03.Tests.FormatNumTest(299631651,&quot;299,631,651&quot;)" methodname="FormatNumTest" classname="Open_Lab_05._03.Tests" runstate="Runnable" seed="932717336" result="Passed" start-time="2021-12-27 21:51:12Z" end-time="2021-12-27 21:51:12Z" duration="0.000139" asserts="1" />
            <test-case id="1090" name="FormatNumTest(2889112,&quot;2,889,112&quot;)" fullname="Open_Lab_05._03.Tests.FormatNumTest(2889112,&quot;2,889,112&quot;)" methodname="FormatNumTest" classname="Open_Lab_05._03.Tests" runstate="Runnable" seed="1675125869" result="Passed" start-time="2021-12-27 21:51:12Z" end-time="2021-12-27 21:51:12Z" duration="0.000349" asserts="1" />
            <test-case id="1091" name="FormatNumTest(1501657282,&quot;1,501,657,282&quot;)" fullname="Open_Lab_05._03.Tests.FormatNumTest(1501657282,&quot;1,501,657,282&quot;)" methodname="FormatNumTest" classname="Open_Lab_05._03.Tests" runstate="Runnable" seed="1370753528" result="Passed" start-time="2021-12-27 21:51:12Z" end-time="2021-12-27 21:51:12Z" duration="0.000309" asserts="1" />
            <test-case id="1092" name="FormatNumTest(1743013093,&quot;1,743,013,093&quot;)" fullname="Open_Lab_05._03.Tests.FormatNumTest(1743013093,&quot;1,743,013,093&quot;)" methodname="FormatNumTest" classname="Open_Lab_05._03.Tests" runstate="Runnable" seed="100134215" result="Passed" start-time="2021-12-27 21:51:12Z" end-time="2021-12-27 21:51:12Z" duration="0.000285" asserts="1" />
            <test-case id="1093" name="FormatNumTest(1688767499,&quot;1,688,767,499&quot;)" fullname="Open_Lab_05._03.Tests.FormatNumTest(1688767499,&quot;1,688,767,499&quot;)" methodname="FormatNumTest" classname="Open_Lab_05._03.Tests" runstate="Runnable" seed="566434402" result="Passed" start-time="2021-12-27 21:51:12Z" end-time="2021-12-27 21:51:12Z" duration="0.000205" asserts="1" />
            <test-case id="1094" name="FormatNumTest(126661092,&quot;126,661,092&quot;)" fullname="Open_Lab_05._03.Tests.FormatNumTest(126661092,&quot;126,661,092&quot;)" methodname="FormatNumTest" classname="Open_Lab_05._03.Tests" runstate="Runnable" seed="1785323919" result="Passed" start-time="2021-12-27 21:51:12Z" end-time="2021-12-27 21:51:12Z" duration="0.000154" asserts="1" />
            <test-case id="1095" name="FormatNumTest(1926942324,&quot;1,926,942,324&quot;)" fullname="Open_Lab_05._03.Tests.FormatNumTest(1926942324,&quot;1,926,942,324&quot;)" methodname="FormatNumTest" classname="Open_Lab_05._03.Tests" runstate="Runnable" seed="1958439148" result="Passed" start-time="2021-12-27 21:51:12Z" end-time="2021-12-27 21:51:12Z" duration="0.000143" asserts="1" />
            <test-case id="1096" name="FormatNumTest(987531121,&quot;987,531,121&quot;)" fullname="Open_Lab_05._03.Tests.FormatNumTest(987531121,&quot;987,531,121&quot;)" methodname="FormatNumTest" classname="Open_Lab_05._03.Tests" runstate="Runnable" seed="1143161574" result="Passed" start-time="2021-12-27 21:51:12Z" end-time="2021-12-27 21:51:12Z" duration="0.000144" asserts="1" />
            <test-case id="1097" name="FormatNumTest(65252497,&quot;65,252,497&quot;)" fullname="Open_Lab_05._03.Tests.FormatNumTest(65252497,&quot;65,252,497&quot;)" methodname="FormatNumTest" classname="Open_Lab_05._03.Tests" runstate="Runnable" seed="1761685475" result="Passed" start-time="2021-12-27 21:51:12Z" end-time="2021-12-27 21:51:12Z" duration="0.000127" asserts="1" />
            <test-case id="1098" name="FormatNumTest(1106431093,&quot;1,106,431,093&quot;)" fullname="Open_Lab_05._03.Tests.FormatNumTest(1106431093,&quot;1,106,431,093&quot;)" methodname="FormatNumTest" classname="Open_Lab_05._03.Tests" runstate="Runnable" seed="226966129" result="Passed" start-time="2021-12-27 21:51:12Z" end-time="2021-12-27 21:51:12Z" duration="0.000177" asserts="1" />
            <test-case id="1099" name="FormatNumTest(1160729712,&quot;1,160,729,712&quot;)" fullname="Open_Lab_05._03.Tests.FormatNumTest(1160729712,&quot;1,160,729,712&quot;)" methodname="FormatNumTest" classname="Open_Lab_05._03.Tests" runstate="Runnable" seed="1105031015" result="Passed" start-time="2021-12-27 21:51:12Z" end-time="2021-12-27 21:51:12Z" duration="0.000122" asserts="1" />
            <test-case id="1100" name="FormatNumTest(243564629,&quot;243,564,629&quot;)" fullname="Open_Lab_05._03.Tests.FormatNumTest(243564629,&quot;243,564,629&quot;)" methodname="FormatNumTest" classname="Open_Lab_05._03.Tests" runstate="Runnable" seed="1951882473" result="Passed" start-time="2021-12-27 21:51:12Z" end-time="2021-12-27 21:51:12Z" duration="0.000213" asserts="1" />
          </test-suite>
        </test-suite>
      </test-suite>
    </test-suite>
  </test-suite>
</test-run>